Determining if the pthread_create exist failed with the following output:
Change Dir: /home/robot/hebi_ros_ws/build/CMakeFiles/CMakeTmp

Run Build Command:"/usr/bin/make" "cmTC_e1bab/fast"
/usr/bin/make -f CMakeFiles/cmTC_e1bab.dir/build.make CMakeFiles/cmTC_e1bab.dir/build
make[1]: Entering directory '/home/robot/hebi_ros_ws/build/CMakeFiles/CMakeTmp'
Building C object CMakeFiles/cmTC_e1bab.dir/CheckSymbolExists.c.o
/usr/bin/cc    -o CMakeFiles/cmTC_e1bab.dir/CheckSymbolExists.c.o   -c /home/robot/hebi_ros_ws/build/CMakeFiles/CMakeTmp/CheckSymbolExists.c
Linking C executable cmTC_e1bab
/usr/bin/cmake -E cmake_link_script CMakeFiles/cmTC_e1bab.dir/link.txt --verbose=1
/usr/bin/cc      -rdynamic CMakeFiles/cmTC_e1bab.dir/CheckSymbolExists.c.o  -o cmTC_e1bab 
CMakeFiles/cmTC_e1bab.dir/CheckSymbolExists.c.o: In function `main':
CheckSymbolExists.c:(.text+0x1b): undefined reference to `pthread_create'
collect2: error: ld returned 1 exit status
CMakeFiles/cmTC_e1bab.dir/build.make:97: recipe for target 'cmTC_e1bab' failed
make[1]: *** [cmTC_e1bab] Error 1
make[1]: Leaving directory '/home/robot/hebi_ros_ws/build/CMakeFiles/CMakeTmp'
Makefile:126: recipe for target 'cmTC_e1bab/fast' failed
make: *** [cmTC_e1bab/fast] Error 2

File /home/robot/hebi_ros_ws/build/CMakeFiles/CMakeTmp/CheckSymbolExists.c:
/* */
#include <pthread.h>

int main(int argc, char** argv)
{
  (void)argv;
#ifndef pthread_create
  return ((int*)(&pthread_create))[argc];
#else
  (void)argc;
  return 0;
#endif
}

Determining if the function pthread_create exists in the pthreads failed with the following output:
Change Dir: /home/robot/hebi_ros_ws/build/CMakeFiles/CMakeTmp

Run Build Command:"/usr/bin/make" "cmTC_193cd/fast"
/usr/bin/make -f CMakeFiles/cmTC_193cd.dir/build.make CMakeFiles/cmTC_193cd.dir/build
make[1]: Entering directory '/home/robot/hebi_ros_ws/build/CMakeFiles/CMakeTmp'
Building C object CMakeFiles/cmTC_193cd.dir/CheckFunctionExists.c.o
/usr/bin/cc   -DCHECK_FUNCTION_EXISTS=pthread_create   -o CMakeFiles/cmTC_193cd.dir/CheckFunctionExists.c.o   -c /usr/share/cmake-3.10/Modules/CheckFunctionExists.c
Linking C executable cmTC_193cd
/usr/bin/cmake -E cmake_link_script CMakeFiles/cmTC_193cd.dir/link.txt --verbose=1
/usr/bin/cc  -DCHECK_FUNCTION_EXISTS=pthread_create    -rdynamic CMakeFiles/cmTC_193cd.dir/CheckFunctionExists.c.o  -o cmTC_193cd -lpthreads 
/usr/bin/ld: cannot find -lpthreads
collect2: error: ld returned 1 exit status
CMakeFiles/cmTC_193cd.dir/build.make:97: recipe for target 'cmTC_193cd' failed
make[1]: *** [cmTC_193cd] Error 1
make[1]: Leaving directory '/home/robot/hebi_ros_ws/build/CMakeFiles/CMakeTmp'
Makefile:126: recipe for target 'cmTC_193cd/fast' failed
make: *** [cmTC_193cd/fast] Error 2


